  1>Checking Build System
  CMake is re-running because C:/Users/Acer/Documents/All_of_RWTH/Semester3/Lab/Fl├╝ssigkeitslach/framework/build/SPH/CMakeFiles/generate.stamp is out-of-date.
    the file 'C:/Users/Acer/Documents/All_of_RWTH/Semester3/Lab/Fl├╝ssigkeitslach/framework/SPH/CMakeLists.txt'
    is newer than 'C:/Users/Acer/Documents/All_of_RWTH/Semester3/Lab/Fl├╝ssigkeitslach/framework/build/SPH/CMakeFiles/generate.stamp.depend'
    result='-1'
  CMake Deprecation Warning at CMakeLists.txt:1 (cmake_minimum_required):
    Compatibility with CMake < 3.5 will be removed from a future version of
    CMake.
  
    Update the VERSION argument <min> value or use a ...<max> suffix to tell
    CMake that the project does not need compatibility with older versions.
  
  
  CMake Deprecation Warning at extern/CompactNSearch/CMakeLists.txt:1 (cmake_minimum_required):
    Compatibility with CMake < 3.5 will be removed from a future version of
    CMake.
  
    Update the VERSION argument <min> value or use a ...<max> suffix to tell
    CMake that the project does not need compatibility with older versions.
  
  
  CMake Deprecation Warning at app/CMakeLists.txt:1 (cmake_minimum_required):
    Compatibility with CMake < 3.5 will be removed from a future version of
    CMake.
  
    Update the VERSION argument <min> value or use a ...<max> suffix to tell
    CMake that the project does not need compatibility with older versions.
  
  
  CMake Deprecation Warning at tests/CMakeLists.txt:1 (cmake_minimum_required):
    Compatibility with CMake < 3.5 will be removed from a future version of
    CMake.
  
    Update the VERSION argument <min> value or use a ...<max> suffix to tell
    CMake that the project does not need compatibility with older versions.
  
  
  -- Configuring done (0.7s)
  -- Generating done (1.8s)
  -- Build files have been written to: C:/Users/Acer/Documents/All_of_RWTH/Semester3/Lab/Fl├╝ssigkeitslach/framework/build
