  sph.cpp
C:\Users\Acer\Documents\All_of_RWTH\Semester3\Lab\Flüssigkeitslach\framework\SPH\sph.cpp(28,28): warning C4244: '+=': conversion from '_Rep' to 'int', possible loss of data
C:\Users\Acer\Documents\All_of_RWTH\Semester3\Lab\Flüssigkeitslach\framework\SPH\sph.cpp(28,28): warning C4244:         with
C:\Users\Acer\Documents\All_of_RWTH\Semester3\Lab\Flüssigkeitslach\framework\SPH\sph.cpp(28,28): warning C4244:         [
C:\Users\Acer\Documents\All_of_RWTH\Semester3\Lab\Flüssigkeitslach\framework\SPH\sph.cpp(28,28): warning C4244:             _Rep=__int64
C:\Users\Acer\Documents\All_of_RWTH\Semester3\Lab\Flüssigkeitslach\framework\SPH\sph.cpp(28,28): warning C4244:         ]
C:\Users\Acer\Documents\All_of_RWTH\Semester3\Lab\Flüssigkeitslach\framework\SPH\sph.cpp(139,28): warning C4244: '+=': conversion from '_Rep' to 'int', possible loss of data
C:\Users\Acer\Documents\All_of_RWTH\Semester3\Lab\Flüssigkeitslach\framework\SPH\sph.cpp(139,28): warning C4244:         with
C:\Users\Acer\Documents\All_of_RWTH\Semester3\Lab\Flüssigkeitslach\framework\SPH\sph.cpp(139,28): warning C4244:         [
C:\Users\Acer\Documents\All_of_RWTH\Semester3\Lab\Flüssigkeitslach\framework\SPH\sph.cpp(139,28): warning C4244:             _Rep=__int64
C:\Users\Acer\Documents\All_of_RWTH\Semester3\Lab\Flüssigkeitslach\framework\SPH\sph.cpp(139,28): warning C4244:         ]
C:\Users\Acer\Documents\All_of_RWTH\Semester3\Lab\Flüssigkeitslach\framework\SPH\sph.cpp(205,28): warning C4244: '+=': conversion from '_Rep' to 'int', possible loss of data
C:\Users\Acer\Documents\All_of_RWTH\Semester3\Lab\Flüssigkeitslach\framework\SPH\sph.cpp(205,28): warning C4244:         with
C:\Users\Acer\Documents\All_of_RWTH\Semester3\Lab\Flüssigkeitslach\framework\SPH\sph.cpp(205,28): warning C4244:         [
C:\Users\Acer\Documents\All_of_RWTH\Semester3\Lab\Flüssigkeitslach\framework\SPH\sph.cpp(205,28): warning C4244:             _Rep=__int64
C:\Users\Acer\Documents\All_of_RWTH\Semester3\Lab\Flüssigkeitslach\framework\SPH\sph.cpp(205,28): warning C4244:         ]
C:\Users\Acer\Documents\All_of_RWTH\Semester3\Lab\Flüssigkeitslach\framework\SPH\sph.cpp(455,33): warning C4267: 'return': conversion from 'size_t' to 'int', possible loss of data
C:\Users\Acer\Documents\All_of_RWTH\Semester3\Lab\Flüssigkeitslach\framework\SPH\sph.cpp(461,44): warning C4244: '+=': conversion from '_Ty' to 'int', possible loss of data
C:\Users\Acer\Documents\All_of_RWTH\Semester3\Lab\Flüssigkeitslach\framework\SPH\sph.cpp(461,44): warning C4244:         with
C:\Users\Acer\Documents\All_of_RWTH\Semester3\Lab\Flüssigkeitslach\framework\SPH\sph.cpp(461,44): warning C4244:         [
C:\Users\Acer\Documents\All_of_RWTH\Semester3\Lab\Flüssigkeitslach\framework\SPH\sph.cpp(461,44): warning C4244:             _Ty=CompactNSearch::Real
C:\Users\Acer\Documents\All_of_RWTH\Semester3\Lab\Flüssigkeitslach\framework\SPH\sph.cpp(461,44): warning C4244:         ]
C:\Users\Acer\Documents\All_of_RWTH\Semester3\Lab\Flüssigkeitslach\framework\SPH\sph.cpp(471,20): warning C4267: 'initializing': conversion from 'size_t' to 'int', possible loss of data
C:\Users\Acer\Documents\All_of_RWTH\Semester3\Lab\Flüssigkeitslach\framework\SPH\sph.cpp(474,40): warning C4244: '+=': conversion from '_Ty' to 'int', possible loss of data
C:\Users\Acer\Documents\All_of_RWTH\Semester3\Lab\Flüssigkeitslach\framework\SPH\sph.cpp(474,40): warning C4244:         with
C:\Users\Acer\Documents\All_of_RWTH\Semester3\Lab\Flüssigkeitslach\framework\SPH\sph.cpp(474,40): warning C4244:         [
C:\Users\Acer\Documents\All_of_RWTH\Semester3\Lab\Flüssigkeitslach\framework\SPH\sph.cpp(474,40): warning C4244:             _Ty=CompactNSearch::Real
C:\Users\Acer\Documents\All_of_RWTH\Semester3\Lab\Flüssigkeitslach\framework\SPH\sph.cpp(474,40): warning C4244:         ]
C:\Users\Acer\Documents\All_of_RWTH\Semester3\Lab\Flüssigkeitslach\framework\SPH\sph.cpp(553,15): warning C4244: 'initializing': conversion from 'double' to 'int', possible loss of data
C:\Users\Acer\Documents\All_of_RWTH\Semester3\Lab\Flüssigkeitslach\framework\SPH\sph.cpp(554,16): warning C4244: 'initializing': conversion from 'double' to 'int', possible loss of data
C:\Users\Acer\Documents\All_of_RWTH\Semester3\Lab\Flüssigkeitslach\framework\SPH\sph.cpp(555,17): warning C4244: 'initializing': conversion from 'double' to 'int', possible loss of data
  SPH.vcxproj -> C:\Users\Acer\Documents\All_of_RWTH\Semester3\Lab\Flüssigkeitslach\framework\build\SPH\Debug\SPH.lib
