  pbf.cpp
C:\Users\Acer\Documents\All_of_RWTH\Semester3\Lab\Flüssigkeitslach\framework\PBF\pbf.cpp(28,28): warning C4244: '+=': conversion from '_Rep' to 'int', possible loss of data
C:\Users\Acer\Documents\All_of_RWTH\Semester3\Lab\Flüssigkeitslach\framework\PBF\pbf.cpp(28,28): warning C4244:         with
C:\Users\Acer\Documents\All_of_RWTH\Semester3\Lab\Flüssigkeitslach\framework\PBF\pbf.cpp(28,28): warning C4244:         [
C:\Users\Acer\Documents\All_of_RWTH\Semester3\Lab\Flüssigkeitslach\framework\PBF\pbf.cpp(28,28): warning C4244:             _Rep=__int64
C:\Users\Acer\Documents\All_of_RWTH\Semester3\Lab\Flüssigkeitslach\framework\PBF\pbf.cpp(28,28): warning C4244:         ]
C:\Users\Acer\Documents\All_of_RWTH\Semester3\Lab\Flüssigkeitslach\framework\PBF\pbf.cpp(99,28): warning C4018: '<': signed/unsigned mismatch
C:\Users\Acer\Documents\All_of_RWTH\Semester3\Lab\Flüssigkeitslach\framework\PBF\pbf.cpp(150,28): warning C4244: '+=': conversion from '_Rep' to 'int', possible loss of data
C:\Users\Acer\Documents\All_of_RWTH\Semester3\Lab\Flüssigkeitslach\framework\PBF\pbf.cpp(150,28): warning C4244:         with
C:\Users\Acer\Documents\All_of_RWTH\Semester3\Lab\Flüssigkeitslach\framework\PBF\pbf.cpp(150,28): warning C4244:         [
C:\Users\Acer\Documents\All_of_RWTH\Semester3\Lab\Flüssigkeitslach\framework\PBF\pbf.cpp(150,28): warning C4244:             _Rep=__int64
C:\Users\Acer\Documents\All_of_RWTH\Semester3\Lab\Flüssigkeitslach\framework\PBF\pbf.cpp(150,28): warning C4244:         ]
C:\Users\Acer\Documents\All_of_RWTH\Semester3\Lab\Flüssigkeitslach\framework\PBF\pbf.cpp(191,24): warning C4267: 'initializing': conversion from 'size_t' to 'int', possible loss of data
C:\Users\Acer\Documents\All_of_RWTH\Semester3\Lab\Flüssigkeitslach\framework\PBF\pbf.cpp(231,28): warning C4244: '+=': conversion from '_Rep' to 'int', possible loss of data
C:\Users\Acer\Documents\All_of_RWTH\Semester3\Lab\Flüssigkeitslach\framework\PBF\pbf.cpp(231,28): warning C4244:         with
C:\Users\Acer\Documents\All_of_RWTH\Semester3\Lab\Flüssigkeitslach\framework\PBF\pbf.cpp(231,28): warning C4244:         [
C:\Users\Acer\Documents\All_of_RWTH\Semester3\Lab\Flüssigkeitslach\framework\PBF\pbf.cpp(231,28): warning C4244:             _Rep=__int64
C:\Users\Acer\Documents\All_of_RWTH\Semester3\Lab\Flüssigkeitslach\framework\PBF\pbf.cpp(231,28): warning C4244:         ]
C:\Users\Acer\Documents\All_of_RWTH\Semester3\Lab\Flüssigkeitslach\framework\PBF\pbf.cpp(570,33): warning C4267: 'return': conversion from 'size_t' to 'int', possible loss of data
C:\Users\Acer\Documents\All_of_RWTH\Semester3\Lab\Flüssigkeitslach\framework\PBF\pbf.cpp(576,44): warning C4244: '+=': conversion from '_Ty' to 'int', possible loss of data
C:\Users\Acer\Documents\All_of_RWTH\Semester3\Lab\Flüssigkeitslach\framework\PBF\pbf.cpp(576,44): warning C4244:         with
C:\Users\Acer\Documents\All_of_RWTH\Semester3\Lab\Flüssigkeitslach\framework\PBF\pbf.cpp(576,44): warning C4244:         [
C:\Users\Acer\Documents\All_of_RWTH\Semester3\Lab\Flüssigkeitslach\framework\PBF\pbf.cpp(576,44): warning C4244:             _Ty=CompactNSearch::Real
C:\Users\Acer\Documents\All_of_RWTH\Semester3\Lab\Flüssigkeitslach\framework\PBF\pbf.cpp(576,44): warning C4244:         ]
C:\Users\Acer\Documents\All_of_RWTH\Semester3\Lab\Flüssigkeitslach\framework\PBF\pbf.cpp(586,20): warning C4267: 'initializing': conversion from 'size_t' to 'int', possible loss of data
C:\Users\Acer\Documents\All_of_RWTH\Semester3\Lab\Flüssigkeitslach\framework\PBF\pbf.cpp(589,40): warning C4244: '+=': conversion from '_Ty' to 'int', possible loss of data
C:\Users\Acer\Documents\All_of_RWTH\Semester3\Lab\Flüssigkeitslach\framework\PBF\pbf.cpp(589,40): warning C4244:         with
C:\Users\Acer\Documents\All_of_RWTH\Semester3\Lab\Flüssigkeitslach\framework\PBF\pbf.cpp(589,40): warning C4244:         [
C:\Users\Acer\Documents\All_of_RWTH\Semester3\Lab\Flüssigkeitslach\framework\PBF\pbf.cpp(589,40): warning C4244:             _Ty=CompactNSearch::Real
C:\Users\Acer\Documents\All_of_RWTH\Semester3\Lab\Flüssigkeitslach\framework\PBF\pbf.cpp(589,40): warning C4244:         ]
C:\Users\Acer\Documents\All_of_RWTH\Semester3\Lab\Flüssigkeitslach\framework\PBF\pbf.cpp(663,15): warning C4244: 'initializing': conversion from 'double' to 'int', possible loss of data
C:\Users\Acer\Documents\All_of_RWTH\Semester3\Lab\Flüssigkeitslach\framework\PBF\pbf.cpp(664,16): warning C4244: 'initializing': conversion from 'double' to 'int', possible loss of data
C:\Users\Acer\Documents\All_of_RWTH\Semester3\Lab\Flüssigkeitslach\framework\PBF\pbf.cpp(665,17): warning C4244: 'initializing': conversion from 'double' to 'int', possible loss of data
  PBF.vcxproj -> C:\Users\Acer\Documents\All_of_RWTH\Semester3\Lab\Flüssigkeitslach\framework\build\PBF\Release\PBF.lib
