  sph.cpp
C:\Users\Acer\Documents\All_of_RWTH\Semester3\Lab\Flüssigkeitslach\framework\geometry\emitter.h(8,1): warning C4005: 'USE_DOUBLE': macro redefinition
  (compiling source file '../../SPH/sph.cpp')
  C:\Users\Acer\Documents\All_of_RWTH\Semester3\Lab\Flüssigkeitslach\framework\geometry\emitter.h(8,1):
  'USE_DOUBLE' previously declared on the command line
  
C:\Users\Acer\Documents\All_of_RWTH\Semester3\Lab\Flüssigkeitslach\framework\SPH\sph.cpp(28,28): warning C4244: '+=': conversion from '_Rep' to 'int', possible loss of data
C:\Users\Acer\Documents\All_of_RWTH\Semester3\Lab\Flüssigkeitslach\framework\SPH\sph.cpp(28,28): warning C4244:         with
C:\Users\Acer\Documents\All_of_RWTH\Semester3\Lab\Flüssigkeitslach\framework\SPH\sph.cpp(28,28): warning C4244:         [
C:\Users\Acer\Documents\All_of_RWTH\Semester3\Lab\Flüssigkeitslach\framework\SPH\sph.cpp(28,28): warning C4244:             _Rep=__int64
C:\Users\Acer\Documents\All_of_RWTH\Semester3\Lab\Flüssigkeitslach\framework\SPH\sph.cpp(28,28): warning C4244:         ]
C:\Users\Acer\Documents\All_of_RWTH\Semester3\Lab\Flüssigkeitslach\framework\SPH\sph.cpp(177,28): warning C4244: '+=': conversion from '_Rep' to 'int', possible loss of data
C:\Users\Acer\Documents\All_of_RWTH\Semester3\Lab\Flüssigkeitslach\framework\SPH\sph.cpp(177,28): warning C4244:         with
C:\Users\Acer\Documents\All_of_RWTH\Semester3\Lab\Flüssigkeitslach\framework\SPH\sph.cpp(177,28): warning C4244:         [
C:\Users\Acer\Documents\All_of_RWTH\Semester3\Lab\Flüssigkeitslach\framework\SPH\sph.cpp(177,28): warning C4244:             _Rep=__int64
C:\Users\Acer\Documents\All_of_RWTH\Semester3\Lab\Flüssigkeitslach\framework\SPH\sph.cpp(177,28): warning C4244:         ]
C:\Users\Acer\Documents\All_of_RWTH\Semester3\Lab\Flüssigkeitslach\framework\SPH\sph.cpp(233,24): warning C4267: 'initializing': conversion from 'size_t' to 'int', possible loss of data
C:\Users\Acer\Documents\All_of_RWTH\Semester3\Lab\Flüssigkeitslach\framework\SPH\sph.cpp(255,35): warning C4267: '=': conversion from 'size_t' to 'int', possible loss of data
C:\Users\Acer\Documents\All_of_RWTH\Semester3\Lab\Flüssigkeitslach\framework\SPH\sph.cpp(288,35): warning C4267: '=': conversion from 'size_t' to 'int', possible loss of data
C:\Users\Acer\Documents\All_of_RWTH\Semester3\Lab\Flüssigkeitslach\framework\SPH\sph.cpp(341,28): warning C4244: '+=': conversion from '_Rep' to 'int', possible loss of data
C:\Users\Acer\Documents\All_of_RWTH\Semester3\Lab\Flüssigkeitslach\framework\SPH\sph.cpp(341,28): warning C4244:         with
C:\Users\Acer\Documents\All_of_RWTH\Semester3\Lab\Flüssigkeitslach\framework\SPH\sph.cpp(341,28): warning C4244:         [
C:\Users\Acer\Documents\All_of_RWTH\Semester3\Lab\Flüssigkeitslach\framework\SPH\sph.cpp(341,28): warning C4244:             _Rep=__int64
C:\Users\Acer\Documents\All_of_RWTH\Semester3\Lab\Flüssigkeitslach\framework\SPH\sph.cpp(341,28): warning C4244:         ]
C:\Users\Acer\Documents\All_of_RWTH\Semester3\Lab\Flüssigkeitslach\framework\SPH\sph.cpp(763,33): warning C4267: 'return': conversion from 'size_t' to 'int', possible loss of data
C:\Users\Acer\Documents\All_of_RWTH\Semester3\Lab\Flüssigkeitslach\framework\SPH\sph.cpp(769,44): warning C4244: '+=': conversion from '_Ty' to 'int', possible loss of data
C:\Users\Acer\Documents\All_of_RWTH\Semester3\Lab\Flüssigkeitslach\framework\SPH\sph.cpp(769,44): warning C4244:         with
C:\Users\Acer\Documents\All_of_RWTH\Semester3\Lab\Flüssigkeitslach\framework\SPH\sph.cpp(769,44): warning C4244:         [
C:\Users\Acer\Documents\All_of_RWTH\Semester3\Lab\Flüssigkeitslach\framework\SPH\sph.cpp(769,44): warning C4244:             _Ty=CompactNSearch::Real
C:\Users\Acer\Documents\All_of_RWTH\Semester3\Lab\Flüssigkeitslach\framework\SPH\sph.cpp(769,44): warning C4244:         ]
C:\Users\Acer\Documents\All_of_RWTH\Semester3\Lab\Flüssigkeitslach\framework\SPH\sph.cpp(779,20): warning C4267: 'initializing': conversion from 'size_t' to 'int', possible loss of data
C:\Users\Acer\Documents\All_of_RWTH\Semester3\Lab\Flüssigkeitslach\framework\SPH\sph.cpp(784,17): warning C4267: 'initializing': conversion from 'size_t' to 'int', possible loss of data
C:\Users\Acer\Documents\All_of_RWTH\Semester3\Lab\Flüssigkeitslach\framework\SPH\sph.cpp(862,15): warning C4244: 'initializing': conversion from 'double' to 'int', possible loss of data
C:\Users\Acer\Documents\All_of_RWTH\Semester3\Lab\Flüssigkeitslach\framework\SPH\sph.cpp(863,16): warning C4244: 'initializing': conversion from 'double' to 'int', possible loss of data
C:\Users\Acer\Documents\All_of_RWTH\Semester3\Lab\Flüssigkeitslach\framework\SPH\sph.cpp(864,17): warning C4244: 'initializing': conversion from 'double' to 'int', possible loss of data
  SPH.vcxproj -> C:\Users\Acer\Documents\All_of_RWTH\Semester3\Lab\Flüssigkeitslach\framework\build\SPH\Release\SPH.lib
