  Building Custom Rule C:/Users/Acer/Documents/All_of_RWTH/Semester3/Lab/Flüssigkeitslach/framework/PBF/CMakeLists.txt
  pbf.cpp
C:\Users\Acer\Documents\All_of_RWTH\Semester3\Lab\Flüssigkeitslach\framework\PBF\pbf.cpp(27,28): warning C4244: '+=': conversion from '_Rep' to 'int', possible loss of data
C:\Users\Acer\Documents\All_of_RWTH\Semester3\Lab\Flüssigkeitslach\framework\PBF\pbf.cpp(27,28): warning C4244:         with
C:\Users\Acer\Documents\All_of_RWTH\Semester3\Lab\Flüssigkeitslach\framework\PBF\pbf.cpp(27,28): warning C4244:         [
C:\Users\Acer\Documents\All_of_RWTH\Semester3\Lab\Flüssigkeitslach\framework\PBF\pbf.cpp(27,28): warning C4244:             _Rep=__int64
C:\Users\Acer\Documents\All_of_RWTH\Semester3\Lab\Flüssigkeitslach\framework\PBF\pbf.cpp(27,28): warning C4244:         ]
C:\Users\Acer\Documents\All_of_RWTH\Semester3\Lab\Flüssigkeitslach\framework\PBF\pbf.cpp(139,28): warning C4244: '+=': conversion from '_Rep' to 'int', possible loss of data
C:\Users\Acer\Documents\All_of_RWTH\Semester3\Lab\Flüssigkeitslach\framework\PBF\pbf.cpp(139,28): warning C4244:         with
C:\Users\Acer\Documents\All_of_RWTH\Semester3\Lab\Flüssigkeitslach\framework\PBF\pbf.cpp(139,28): warning C4244:         [
C:\Users\Acer\Documents\All_of_RWTH\Semester3\Lab\Flüssigkeitslach\framework\PBF\pbf.cpp(139,28): warning C4244:             _Rep=__int64
C:\Users\Acer\Documents\All_of_RWTH\Semester3\Lab\Flüssigkeitslach\framework\PBF\pbf.cpp(139,28): warning C4244:         ]
C:\Users\Acer\Documents\All_of_RWTH\Semester3\Lab\Flüssigkeitslach\framework\PBF\pbf.cpp(205,28): warning C4244: '+=': conversion from '_Rep' to 'int', possible loss of data
C:\Users\Acer\Documents\All_of_RWTH\Semester3\Lab\Flüssigkeitslach\framework\PBF\pbf.cpp(205,28): warning C4244:         with
C:\Users\Acer\Documents\All_of_RWTH\Semester3\Lab\Flüssigkeitslach\framework\PBF\pbf.cpp(205,28): warning C4244:         [
C:\Users\Acer\Documents\All_of_RWTH\Semester3\Lab\Flüssigkeitslach\framework\PBF\pbf.cpp(205,28): warning C4244:             _Rep=__int64
C:\Users\Acer\Documents\All_of_RWTH\Semester3\Lab\Flüssigkeitslach\framework\PBF\pbf.cpp(205,28): warning C4244:         ]
C:\Users\Acer\Documents\All_of_RWTH\Semester3\Lab\Flüssigkeitslach\framework\PBF\pbf.cpp(545,33): warning C4267: 'return': conversion from 'size_t' to 'int', possible loss of data
C:\Users\Acer\Documents\All_of_RWTH\Semester3\Lab\Flüssigkeitslach\framework\PBF\pbf.cpp(551,44): warning C4244: '+=': conversion from '_Ty' to 'int', possible loss of data
C:\Users\Acer\Documents\All_of_RWTH\Semester3\Lab\Flüssigkeitslach\framework\PBF\pbf.cpp(551,44): warning C4244:         with
C:\Users\Acer\Documents\All_of_RWTH\Semester3\Lab\Flüssigkeitslach\framework\PBF\pbf.cpp(551,44): warning C4244:         [
C:\Users\Acer\Documents\All_of_RWTH\Semester3\Lab\Flüssigkeitslach\framework\PBF\pbf.cpp(551,44): warning C4244:             _Ty=CompactNSearch::Real
C:\Users\Acer\Documents\All_of_RWTH\Semester3\Lab\Flüssigkeitslach\framework\PBF\pbf.cpp(551,44): warning C4244:         ]
C:\Users\Acer\Documents\All_of_RWTH\Semester3\Lab\Flüssigkeitslach\framework\PBF\pbf.cpp(561,20): warning C4267: 'initializing': conversion from 'size_t' to 'int', possible loss of data
C:\Users\Acer\Documents\All_of_RWTH\Semester3\Lab\Flüssigkeitslach\framework\PBF\pbf.cpp(564,40): warning C4244: '+=': conversion from '_Ty' to 'int', possible loss of data
C:\Users\Acer\Documents\All_of_RWTH\Semester3\Lab\Flüssigkeitslach\framework\PBF\pbf.cpp(564,40): warning C4244:         with
C:\Users\Acer\Documents\All_of_RWTH\Semester3\Lab\Flüssigkeitslach\framework\PBF\pbf.cpp(564,40): warning C4244:         [
C:\Users\Acer\Documents\All_of_RWTH\Semester3\Lab\Flüssigkeitslach\framework\PBF\pbf.cpp(564,40): warning C4244:             _Ty=CompactNSearch::Real
C:\Users\Acer\Documents\All_of_RWTH\Semester3\Lab\Flüssigkeitslach\framework\PBF\pbf.cpp(564,40): warning C4244:         ]
C:\Users\Acer\Documents\All_of_RWTH\Semester3\Lab\Flüssigkeitslach\framework\PBF\pbf.cpp(642,15): warning C4244: 'initializing': conversion from 'double' to 'int', possible loss of data
C:\Users\Acer\Documents\All_of_RWTH\Semester3\Lab\Flüssigkeitslach\framework\PBF\pbf.cpp(643,16): warning C4244: 'initializing': conversion from 'double' to 'int', possible loss of data
C:\Users\Acer\Documents\All_of_RWTH\Semester3\Lab\Flüssigkeitslach\framework\PBF\pbf.cpp(644,17): warning C4244: 'initializing': conversion from 'double' to 'int', possible loss of data
  PBF.vcxproj -> C:\Users\Acer\Documents\All_of_RWTH\Semester3\Lab\Flüssigkeitslach\framework\build\PBF\Debug\PBF.lib
